Using pre-set license
Built from '2021.3/staging' branch; Version is '2021.3.15f1 (e8e88683f834) revision 15263878'; Using compiler version '192829333'; Build Type 'Release'
OS: 'Windows 11  (10.0.22621) 64bit Core' Language: 'en' Physical Memory: 8034 MB
BatchMode: 1, IsHumanControllingUs: 0, StartBugReporterOnCrash: 0, Is64bit: 1, IsPro: 1

COMMAND LINE ARGUMENTS:
C:\Program Files\Unity 2021.3.15f1\Editor\Unity.exe
-adb2
-batchMode
-noUpm
-name
AssetImportWorker0
-projectPath
C:/Users/Coding Minds/Documents/GitHub/cm2-unity1-module2-template
-logFile
Logs/AssetImportWorker0.log
-srvPort
58024
Successfully changed project path to: C:/Users/Coding Minds/Documents/GitHub/cm2-unity1-module2-template
C:/Users/Coding Minds/Documents/GitHub/cm2-unity1-module2-template
[UnityMemory] Configuration Parameters - Can be set up in boot.config
    "memorysetup-bucket-allocator-granularity=16"
    "memorysetup-bucket-allocator-bucket-count=8"
    "memorysetup-bucket-allocator-block-size=33554432"
    "memorysetup-bucket-allocator-block-count=8"
    "memorysetup-main-allocator-block-size=16777216"
    "memorysetup-thread-allocator-block-size=16777216"
    "memorysetup-gfx-main-allocator-block-size=16777216"
    "memorysetup-gfx-thread-allocator-block-size=16777216"
    "memorysetup-cache-allocator-block-size=4194304"
    "memorysetup-typetree-allocator-block-size=2097152"
    "memorysetup-profiler-bucket-allocator-granularity=16"
    "memorysetup-profiler-bucket-allocator-bucket-count=8"
    "memorysetup-profiler-bucket-allocator-block-size=33554432"
    "memorysetup-profiler-bucket-allocator-block-count=8"
    "memorysetup-profiler-allocator-block-size=16777216"
    "memorysetup-profiler-editor-allocator-block-size=1048576"
    "memorysetup-temp-allocator-size-main=16777216"
    "memorysetup-job-temp-allocator-block-size=2097152"
    "memorysetup-job-temp-allocator-block-size-background=1048576"
    "memorysetup-job-temp-allocator-reduction-small-platforms=262144"
    "memorysetup-temp-allocator-size-background-worker=32768"
    "memorysetup-temp-allocator-size-job-worker=262144"
    "memorysetup-temp-allocator-size-preload-manager=33554432"
    "memorysetup-temp-allocator-size-nav-mesh-worker=65536"
    "memorysetup-temp-allocator-size-audio-worker=65536"
    "memorysetup-temp-allocator-size-cloud-worker=32768"
    "memorysetup-temp-allocator-size-gi-baking-worker=262144"
    "memorysetup-temp-allocator-size-gfx=262144"
Player connection [9516] Host "[IP] 192.168.0.119 [Port] 0 [Flags] 2 [Guid] 1243670106 [EditorId] 1243670106 [Version] 1048832 [Id] WindowsEditor(7,DESKTOP-B1U22T8) [Debug] 1 [PackageName] WindowsEditor [ProjectName] Editor" joined multi-casting on [225.0.0.222:54997]...

Player connection [9516] Host "[IP] 192.168.0.119 [Port] 0 [Flags] 2 [Guid] 1243670106 [EditorId] 1243670106 [Version] 1048832 [Id] WindowsEditor(7,DESKTOP-B1U22T8) [Debug] 1 [PackageName] WindowsEditor [ProjectName] Editor" joined alternative multi-casting on [225.0.0.222:34997]...

Refreshing native plugins compatible for Editor in 24.20 ms, found 2 plugins.
Preloading 0 native plugins for Editor in 0.00 ms.
Initialize engine version: 2021.3.15f1 (e8e88683f834)
[Subsystems] Discovering subsystems at path C:/Program Files/Unity 2021.3.15f1/Editor/Data/Resources/UnitySubsystems
[Subsystems] Discovering subsystems at path C:/Users/Coding Minds/Documents/GitHub/cm2-unity1-module2-template/Assets
GfxDevice: creating device client; threaded=0; jobified=0
Direct3D:
    Version:  Direct3D 11.0 [level 11.1]
    Renderer: Intel(R) UHD Graphics 630 (ID=0x3e9b)
    Vendor:   Intel
    VRAM:     4017 MB
    Driver:   31.0.101.2111
Initialize mono
Mono path[0] = 'C:/Program Files/Unity 2021.3.15f1/Editor/Data/Managed'
Mono path[1] = 'C:/Program Files/Unity 2021.3.15f1/Editor/Data/MonoBleedingEdge/lib/mono/unityjit-win32'
Mono config path = 'C:/Program Files/Unity 2021.3.15f1/Editor/Data/MonoBleedingEdge/etc'
Using monoOptions --debugger-agent=transport=dt_socket,embedding=1,server=y,suspend=n,address=127.0.0.1:56468
Begin MonoManager ReloadAssembly
Registering precompiled unity dll's ...
Register platform support module: C:/Program Files/Unity 2021.3.15f1/Editor/Data/PlaybackEngines/WindowsStandaloneSupport/UnityEditor.WindowsStandalone.Extensions.dll
Registered in 0.003566 seconds.
Native extension for WindowsStandalone target not found
Refreshing native plugins compatible for Editor in 24.98 ms, found 2 plugins.
Preloading 0 native plugins for Editor in 0.00 ms.
Mono: successfully reloaded assembly
- Completed reload, in  0.677 seconds
Domain Reload Profiling:
	ReloadAssembly (677ms)
		BeginReloadAssembly (93ms)
			ExecutionOrderSort (0ms)
			DisableScriptedObjects (0ms)
			BackupInstance (0ms)
			ReleaseScriptingObjects (0ms)
			CreateAndSetChildDomain (1ms)
		EndReloadAssembly (462ms)
			LoadAssemblies (91ms)
			RebuildTransferFunctionScriptingTraits (0ms)
			SetupTypeCache (137ms)
			ReleaseScriptCaches (0ms)
			RebuildScriptCaches (31ms)
			SetupLoadedEditorAssemblies (243ms)
				LogAssemblyErrors (0ms)
				InitializePlatformSupportModulesInManaged (8ms)
				SetLoadedEditorAssemblies (0ms)
				RefreshPlugins (25ms)
				BeforeProcessingInitializeOnLoad (1ms)
				ProcessInitializeOnLoadAttributes (161ms)
				ProcessInitializeOnLoadMethodAttributes (47ms)
				AfterProcessingInitializeOnLoad (0ms)
				EditorAssembliesLoaded (0ms)
			ExecutionOrderSort2 (0ms)
			AwakeInstancesAfterBackupRestoration (0ms)
Platform modules already initialized, skipping
Registering precompiled user dll's ...
Registered in 0.002747 seconds.
Begin MonoManager ReloadAssembly
Native extension for WindowsStandalone target not found
Refreshing native plugins compatible for Editor in 0.31 ms, found 2 plugins.
Preloading 0 native plugins for Editor in 0.00 ms.
Mono: successfully reloaded assembly
- Completed reload, in  0.842 seconds
Domain Reload Profiling:
	ReloadAssembly (842ms)
		BeginReloadAssembly (112ms)
			ExecutionOrderSort (0ms)
			DisableScriptedObjects (6ms)
			BackupInstance (0ms)
			ReleaseScriptingObjects (0ms)
			CreateAndSetChildDomain (21ms)
		EndReloadAssembly (615ms)
			LoadAssemblies (69ms)
			RebuildTransferFunctionScriptingTraits (0ms)
			SetupTypeCache (193ms)
			ReleaseScriptCaches (0ms)
			RebuildScriptCaches (45ms)
			SetupLoadedEditorAssemblies (268ms)
				LogAssemblyErrors (0ms)
				InitializePlatformSupportModulesInManaged (5ms)
				SetLoadedEditorAssemblies (0ms)
				RefreshPlugins (0ms)
				BeforeProcessingInitializeOnLoad (44ms)
				ProcessInitializeOnLoadAttributes (195ms)
				ProcessInitializeOnLoadMethodAttributes (19ms)
				AfterProcessingInitializeOnLoad (6ms)
				EditorAssembliesLoaded (0ms)
			ExecutionOrderSort2 (0ms)
			AwakeInstancesAfterBackupRestoration (6ms)
Platform modules already initialized, skipping
========================================================================
Worker process is ready to serve import requests
Launched and connected shader compiler UnityShaderCompiler.exe after 0.06 seconds
Refreshing native plugins compatible for Editor in 0.76 ms, found 2 plugins.
Preloading 0 native plugins for Editor in 0.00 ms.
Unloading 1367 Unused Serialized files (Serialized files now loaded: 0)
Unloading 16 unused Assets / (56.4 KB). Loaded Objects now: 1835.
Memory consumption went from 64.9 MB to 64.9 MB.
Total: 6.280900 ms (FindLiveObjects: 0.247100 ms CreateObjectMapping: 0.170000 ms MarkObjects: 5.746100 ms  DeleteObjects: 0.115600 ms)

AssetImportParameters requested are different than current active one (requested -> active):
  custom:video-decoder-ogg-theora: a1e56fd34408186e4bbccfd4996cb3dc -> 
  custom:container-muxer-webm: aa71ff27fc2769a1b78a27578f13a17b -> 
  custom:container-demuxer-webm: 4f35f7cbe854078d1ac9338744f61a02 -> 
  custom:video-encoder-webm-vp8: eb34c28f22e8b96e1ab97ce403110664 -> 
  custom:audio-encoder-webm-vorbis: bf7c407c2cedff20999df2af8eb42d56 -> 
  custom:framework-win-MediaFoundation: 216162199b28c13a410421893ffa2e32 -> 
  custom:container-demuxer-ogg: 62fdf1f143b41e24485cea50d1cbac27 -> 
  custom:video-decoder-webm-vp8: 9c59270c3fd7afecdb556c50c9e8de78 -> 
  custom:audio-decoder-ogg-vorbis: bf7c407c2cedff20999df2af8eb42d56 -> 
========================================================================
Received Import Request.
  Time since last request: 1293152.165980 seconds.
  path: Assets/Scenes/Lesson 2-1.unity
  artifactKey: Guid(68e018779e01143b6b93256b0fd106f0) Importer(815301076,1909f56bfc062723c751e8b465ee728b)
Start importing Assets/Scenes/Lesson 2-1.unity using Guid(68e018779e01143b6b93256b0fd106f0) Importer(815301076,1909f56bfc062723c751e8b465ee728b)  -> (artifact id: 'c720b734442a7336b7d3daf49dcad6de') in 0.033675 seconds 
========================================================================
Received Import Request.
  Time since last request: 304.157708 seconds.
  path: Assets/Materials/Wood.mat
  artifactKey: Guid(73069a3c3d22f2b40ae249bd1043b869) Importer(815301076,1909f56bfc062723c751e8b465ee728b)
Start importing Assets/Materials/Wood.mat using Guid(73069a3c3d22f2b40ae249bd1043b869) Importer(815301076,1909f56bfc062723c751e8b465ee728b)  -> (artifact id: 'fb1345f33378cc44e3557e3834f20402') in 0.355454 seconds 
========================================================================
Received Import Request.
  Time since last request: 286.059693 seconds.
  path: Assets/Materials/wallpaper.jpg
  artifactKey: Guid(04473b2e95abaea4885194da899c260c) Importer(815301076,1909f56bfc062723c751e8b465ee728b)
Start importing Assets/Materials/wallpaper.jpg using Guid(04473b2e95abaea4885194da899c260c) Importer(815301076,1909f56bfc062723c751e8b465ee728b)  -> (artifact id: '82b82156b38b7ac0c01ec3d13c2b9f2c') in 0.040595 seconds 
========================================================================
Received Import Request.
  Time since last request: 32.251521 seconds.
  path: Assets/Materials/the backrooms.mat
  artifactKey: Guid(ffa10d68771b08a48ba21a42dfb578b5) Importer(815301076,1909f56bfc062723c751e8b465ee728b)
Start importing Assets/Materials/the backrooms.mat using Guid(ffa10d68771b08a48ba21a42dfb578b5) Importer(815301076,1909f56bfc062723c751e8b465ee728b)  -> (artifact id: '9ecaa8ed637a2b653b9f7e6ec1013dc2') in 0.022645 seconds 
========================================================================
Received Import Request.
  Time since last request: 27.559020 seconds.
  path: Assets/Materials/wallpaper.jpg
  artifactKey: Guid(04473b2e95abaea4885194da899c260c) Importer(815301076,1909f56bfc062723c751e8b465ee728b)
Start importing Assets/Materials/wallpaper.jpg using Guid(04473b2e95abaea4885194da899c260c) Importer(815301076,1909f56bfc062723c751e8b465ee728b)  -> (artifact id: '86be95d548733557319fa514b28cb128') in 0.426213 seconds 
========================================================================
Received Import Request.
  Time since last request: 9.199625 seconds.
  path: Assets/Materials/wallpaper.jpg
  artifactKey: Guid(04473b2e95abaea4885194da899c260c) Importer(815301076,1909f56bfc062723c751e8b465ee728b)
Start importing Assets/Materials/wallpaper.jpg using Guid(04473b2e95abaea4885194da899c260c) Importer(815301076,1909f56bfc062723c751e8b465ee728b)  -> (artifact id: 'e925429479271d9945d5a8d16ae9761c') in 0.032976 seconds 
========================================================================
Received Import Request.
  Time since last request: 17.109003 seconds.
  path: Assets/Materials/wallpaper.jpg
  artifactKey: Guid(04473b2e95abaea4885194da899c260c) Importer(815301076,1909f56bfc062723c751e8b465ee728b)
Start importing Assets/Materials/wallpaper.jpg using Guid(04473b2e95abaea4885194da899c260c) Importer(815301076,1909f56bfc062723c751e8b465ee728b)  -> (artifact id: '0a78c19dd99e308c22668768c8bf7d2f') in 0.035793 seconds 
========================================================================
Received Import Request.
  Time since last request: 31.867823 seconds.
  path: Assets/Materials/New Material.mat
  artifactKey: Guid(70e25e6030b6b4342b065c721b3db707) Importer(815301076,1909f56bfc062723c751e8b465ee728b)
Start importing Assets/Materials/New Material.mat using Guid(70e25e6030b6b4342b065c721b3db707) Importer(815301076,1909f56bfc062723c751e8b465ee728b)  -> (artifact id: '0b50c4d0eb54c40eb34e2fe80cede63a') in 0.021294 seconds 
========================================================================
Received Import Request.
  Time since last request: 130.066850 seconds.
  path: Assets/Materials/Materials
  artifactKey: Guid(7f8ac541969ec6d469a06ec658da1563) Importer(815301076,1909f56bfc062723c751e8b465ee728b)
Start importing Assets/Materials/Materials using Guid(7f8ac541969ec6d469a06ec658da1563) Importer(815301076,1909f56bfc062723c751e8b465ee728b)  -> (artifact id: '383bdab8853b64244e8e45f82afbd031') in 0.011795 seconds 
========================================================================
Received Import Request.
  Time since last request: 5.604859 seconds.
  path: Assets/Materials/Materials/wallpaper.mat
  artifactKey: Guid(fa9ee55b83325d54bae5f23ba8a055db) Importer(815301076,1909f56bfc062723c751e8b465ee728b)
Start importing Assets/Materials/Materials/wallpaper.mat using Guid(fa9ee55b83325d54bae5f23ba8a055db) Importer(815301076,1909f56bfc062723c751e8b465ee728b)  -> (artifact id: '55d97798992c7a8a5bf08cdc85fad68f') in 0.013143 seconds 
========================================================================
Received Import Request.
  Time since last request: 104.657014 seconds.
  path: Assets/Materials/Materials/wall.mat
  artifactKey: Guid(e0484bc8f1b58534ba01736de6d58b39) Importer(815301076,1909f56bfc062723c751e8b465ee728b)
Start importing Assets/Materials/Materials/wall.mat using Guid(e0484bc8f1b58534ba01736de6d58b39) Importer(815301076,1909f56bfc062723c751e8b465ee728b)  -> (artifact id: '2c73d249180bf4f70557d04461bb11c8') in 0.018433 seconds 
========================================================================
Received Import Request.
  Time since last request: 13.572091 seconds.
  path: Assets/Materials/Materials/floor.mat
  artifactKey: Guid(a3a0e0f8e3b19ed4d874ff8f7a281417) Importer(815301076,1909f56bfc062723c751e8b465ee728b)
Start importing Assets/Materials/Materials/floor.mat using Guid(a3a0e0f8e3b19ed4d874ff8f7a281417) Importer(815301076,1909f56bfc062723c751e8b465ee728b)  -> (artifact id: '305b7b0838e11aea1d275ebd7fa2d526') in 0.016483 seconds 
========================================================================
Received Import Request.
  Time since last request: 16.094451 seconds.
  path: Assets/Materials/Materials/crate.mat
  artifactKey: Guid(358a653698d837f45b6b9614d1b2db96) Importer(815301076,1909f56bfc062723c751e8b465ee728b)
Start importing Assets/Materials/Materials/crate.mat using Guid(358a653698d837f45b6b9614d1b2db96) Importer(815301076,1909f56bfc062723c751e8b465ee728b)  -> (artifact id: '87b487cbec4770c5e12f07b59ba0b582') in 0.020000 seconds 
========================================================================
Received Import Request.
  Time since last request: 69.026583 seconds.
  path: Assets/Materials/Textures/3crates/crate0/crate0_bump.png
  artifactKey: Guid(f3f2937d62fec45b19e4c0abad86ea49) Importer(815301076,1909f56bfc062723c751e8b465ee728b)
Start importing Assets/Materials/Textures/3crates/crate0/crate0_bump.png using Guid(f3f2937d62fec45b19e4c0abad86ea49) Importer(815301076,1909f56bfc062723c751e8b465ee728b)  -> (artifact id: '58f1093a7d178422f52e4fc2f06d7878') in 0.021099 seconds 
========================================================================
Received Import Request.
  Time since last request: 0.000030 seconds.
  path: Assets/Materials/Textures/3crates/crate0/crate0_normal.png
  artifactKey: Guid(373063ad1c74a4df98417b37987018c5) Importer(815301076,1909f56bfc062723c751e8b465ee728b)
Start importing Assets/Materials/Textures/3crates/crate0/crate0_normal.png using Guid(373063ad1c74a4df98417b37987018c5) Importer(815301076,1909f56bfc062723c751e8b465ee728b)  -> (artifact id: '3234491b05127285aae13dc81a236541') in 0.048085 seconds 
========================================================================
Received Import Request.
  Time since last request: 199.130187 seconds.
  path: Assets/Materials/Textures/3crates/crate1/crate1_bump.png
  artifactKey: Guid(643600df7d88145b8b5fab35b80a7a33) Importer(815301076,1909f56bfc062723c751e8b465ee728b)
Start importing Assets/Materials/Textures/3crates/crate1/crate1_bump.png using Guid(643600df7d88145b8b5fab35b80a7a33) Importer(815301076,1909f56bfc062723c751e8b465ee728b)  -> (artifact id: 'f9eb68d5111aa6520274f203d693d787') in 0.017483 seconds 
========================================================================
Received Import Request.
  Time since last request: 0.000016 seconds.
  path: Assets/Materials/Textures/3crates/crate1/crate1_normal.png
  artifactKey: Guid(c687d5c7f17ba401ea156635320467c8) Importer(815301076,1909f56bfc062723c751e8b465ee728b)
Start importing Assets/Materials/Textures/3crates/crate1/crate1_normal.png using Guid(c687d5c7f17ba401ea156635320467c8) Importer(815301076,1909f56bfc062723c751e8b465ee728b)  -> (artifact id: '695ed677c6527b8c099799eb8d32901b') in 0.022089 seconds 
========================================================================
Received Import Request.
  Time since last request: 10.234041 seconds.
  path: Assets/Materials/Textures/Wall/WallAmbientOcclusion.png
  artifactKey: Guid(7a7f998cb69334b2b8d6904b34cbac00) Importer(815301076,1909f56bfc062723c751e8b465ee728b)
Start importing Assets/Materials/Textures/Wall/WallAmbientOcclusion.png using Guid(7a7f998cb69334b2b8d6904b34cbac00) Importer(815301076,1909f56bfc062723c751e8b465ee728b)  -> (artifact id: 'c60050add1571fcdf9f8dfe166b75e48') in 0.020535 seconds 
========================================================================
Received Import Request.
  Time since last request: 0.000057 seconds.
  path: Assets/Materials/Textures/Wall/WallNormal.png
  artifactKey: Guid(b7846c59f9ba549d0b074176106c94b0) Importer(815301076,1909f56bfc062723c751e8b465ee728b)
Start importing Assets/Materials/Textures/Wall/WallNormal.png using Guid(b7846c59f9ba549d0b074176106c94b0) Importer(815301076,1909f56bfc062723c751e8b465ee728b)  -> (artifact id: '6069bec35b38569880a17c04bc066a83') in 0.038115 seconds 
========================================================================
Received Import Request.
  Time since last request: 91.008562 seconds.
  path: Packages/com.unity.timeline/Editor/StyleSheets/Images/Icons/TrackRecordButtonDisabled@2x.png
  artifactKey: Guid(6091f9516d23100479c03bca26138bc8) Importer(815301076,1909f56bfc062723c751e8b465ee728b)
Start importing Packages/com.unity.timeline/Editor/StyleSheets/Images/Icons/TrackRecordButtonDisabled@2x.png using Guid(6091f9516d23100479c03bca26138bc8) Importer(815301076,1909f56bfc062723c751e8b465ee728b)  -> (artifact id: '12b327c653ad2f703df415df28314c77') in 0.022210 seconds 
========================================================================
Received Import Request.
  Time since last request: 0.000167 seconds.
  path: Assets/Materials/Textures/Wood/wood1.png
  artifactKey: Guid(fbe07c8be22a34f5fb82b522417c11b0) Importer(815301076,1909f56bfc062723c751e8b465ee728b)
Start importing Assets/Materials/Textures/Wood/wood1.png using Guid(fbe07c8be22a34f5fb82b522417c11b0) Importer(815301076,1909f56bfc062723c751e8b465ee728b)  -> (artifact id: '33c59a6ea721468bdb7c4e52f293015f') in 0.025308 seconds 
Editor requested this worker to shutdown with reason: Scaling down because of idle timeout
AssetImportWorker is now disconnected from the server
Process exiting
Exiting without the bug reporter. Application will terminate with return code 0